2026-02-25 12:50:38,371 - __main__ - WARNING - Alguns routers não puderam ser carregados: No module named 'PyPDF2'
INFO:     Will watch for changes in these directories: ['/home/victor-emanuel/PycharmProjects/Vexus Service']
INFO:     Uvicorn running on http://0.0.0.0:8000 (Press CTRL+C to quit)
INFO:     Started reloader process [1155430] using WatchFiles

============================================================
  🚀 VEXUS CRM API
============================================================

📚 Documentação: http://localhost:8000/docs
🔧 ReDoc: http://localhost:8000/redoc
✓ Status: http://localhost:8000/health

2026-02-25 12:50:38,650 - __mp_main__ - WARNING - Alguns routers não puderam ser carregados: No module named 'PyPDF2'
2026-02-25 12:50:38,734 - app_server - WARNING - Alguns routers não puderam ser carregados: No module named 'PyPDF2'
INFO:     Started server process [1155446]
INFO:     Waiting for application startup.
INFO:     Application startup complete.
Traceback (most recent call last):
  File "/home/victor-emanuel/PycharmProjects/Vexus Service/app_server.py", line 95, in <module>
    uvicorn.run(
  File "/home/victor-emanuel/PycharmProjects/Vexus Service/vexus_core/venv/lib/python3.12/site-packages/uvicorn/main.py", line 589, in run
    ChangeReload(config, target=server.run, sockets=[sock]).run()
  File "/home/victor-emanuel/PycharmProjects/Vexus Service/vexus_core/venv/lib/python3.12/site-packages/uvicorn/supervisors/basereload.py", line 52, in run
    for changes in self:
  File "/home/victor-emanuel/PycharmProjects/Vexus Service/vexus_core/venv/lib/python3.12/site-packages/uvicorn/supervisors/basereload.py", line 71, in __next__
    return self.should_restart()
           ^^^^^^^^^^^^^^^^^^^^^
  File "/home/victor-emanuel/PycharmProjects/Vexus Service/vexus_core/venv/lib/python3.12/site-packages/uvicorn/supervisors/watchfilesreload.py", line 81, in should_restart
    changes = next(self.watcher)
              ^^^^^^^^^^^^^^^^^^
  File "/home/victor-emanuel/PycharmProjects/Vexus Service/vexus_core/venv/lib/python3.12/site-packages/watchfiles/main.py", line 126, in watch
    with RustNotify(
         ^^^^^^^^^^^
OSError: OS file watch limit reached. about ["/home/victor-emanuel/PycharmProjects/Vexus Service/vexus_core/venv/lib64/python3.12/site-packages/plotly/graph_objs/layout/xaxis/rangeselector/__pycache__"] (Error { kind: MaxFilesWatch, paths: ["/home/victor-emanuel/PycharmProjects/Vexus Service/vexus_core/venv/lib64/python3.12/site-packages/plotly/graph_objs/layout/xaxis/rangeselector/__pycache__"] })
INFO:     127.0.0.1:39394 - "GET /health HTTP/1.1" 200 OK
INFO:     127.0.0.1:40788 - "GET /api/v1/auth/register HTTP/1.1" 404 Not Found
INFO:     127.0.0.1:42522 - "GET /admin/ HTTP/1.1" 404 Not Found
INFO:     127.0.0.1:42522 - "GET /favicon.ico HTTP/1.1" 404 Not Found
INFO:     127.0.0.1:42522 - "GET /admin/ HTTP/1.1" 404 Not Found
INFO:     127.0.0.1:32882 - "GET / HTTP/1.1" 200 OK
INFO:     127.0.0.1:32882 - "GET /favicon.ico HTTP/1.1" 404 Not Found
INFO:     127.0.0.1:32882 - "GET / HTTP/1.1" 200 OK
INFO:     Shutting down
INFO:     Waiting for application shutdown.
INFO:     Application shutdown complete.
INFO:     Finished server process [1155446]
